<?xml version="1.0" encoding="UTF-8"?>
<!-- Generated by org.testng.reporters.JUnitReportReporter -->
<testsuite hostname="DESKTOP-U8UULUH" failures="0" tests="3" name="runner.TestRunner" time="12.798" errors="0" timestamp="2022-09-28T09:54:56 IST" skipped="0">
  <testcase classname="runner.TestRunner" name="runScenario" time="8.247"/>
  <system-out/>
  <testcase classname="runner.TestRunner" name="runScenario" time="2.132"/>
  <system-out/>
  <testcase classname="runner.TestRunner" name="runScenario" time="2.419"/>
  <system-out/>
</testsuite> <!-- runner.TestRunner -->
